0 info it worked if it ends with ok
1 verbose cli [ '/Users/gcollins/.nvm/v0.10.26/bin/node',
1 verbose cli   '/Users/gcollins/.nvm/v0.10.26/bin/npm',
1 verbose cli   'update',
1 verbose cli   '-g',
1 verbose cli   'generator-ionicjs' ]
2 info using npm@1.4.3
3 info using node@v0.10.26
4 verbose url raw generator-ionicjs
5 verbose url resolving [ 'https://registry.npmjs.org/', './generator-ionicjs' ]
6 verbose url resolved https://registry.npmjs.org/generator-ionicjs
7 info trying registry request attempt 1 at 10:39:26
8 verbose etag "4IUPEJTR25QN2JJPR9J42HI1X"
9 http GET https://registry.npmjs.org/generator-ionicjs
10 http 200 https://registry.npmjs.org/generator-ionicjs
11 silly registry.get cb [ 200,
11 silly registry.get   { date: 'Mon, 17 Mar 2014 14:39:26 GMT',
11 silly registry.get     server: 'CouchDB/1.5.0 (Erlang OTP/R16B)',
11 silly registry.get     etag: '"5JYNHH8SP8X1ZM7J7KZ5KKCZ2"',
11 silly registry.get     'content-type': 'application/json',
11 silly registry.get     via: '1.1 varnish',
11 silly registry.get     'cache-control': 'max-age=1',
11 silly registry.get     'content-length': '19117',
11 silly registry.get     'accept-ranges': 'bytes',
11 silly registry.get     age: '1902',
11 silly registry.get     'x-served-by': 'cache-v44-ASH, cache-jfk1031-JFK',
11 silly registry.get     'x-cache': 'MISS, MISS',
11 silly registry.get     'x-cache-hits': '0, 0',
11 silly registry.get     'x-timer': 'S1395065264.707154751,VS0,VS-287,VE-264,VE1901757',
11 silly registry.get     vary: 'Accept',
11 silly registry.get     'keep-alive': 'timeout=10, max=50',
11 silly registry.get     connection: 'Keep-Alive' } ]
12 info outdated updating [ [ '/Users/gcollins/.nvm/v0.10.26/lib',
12 info outdated     'generator-ionicjs',
12 info outdated     '0.0.8',
12 info outdated     '0.0.9',
12 info outdated     '0.0.9',
12 info outdated     '*' ] ]
13 verbose install where,what [ '/Users/gcollins/.nvm/v0.10.26/lib',
13 verbose install   [ 'generator-ionicjs@0.0.9' ] ]
14 verbose cache add [ 'generator-ionicjs@0.0.9', null ]
15 verbose cache add name=undefined spec="generator-ionicjs@0.0.9" args=["generator-ionicjs@0.0.9",null]
16 verbose parsed url { protocol: null,
16 verbose parsed url   slashes: null,
16 verbose parsed url   auth: null,
16 verbose parsed url   host: null,
16 verbose parsed url   port: null,
16 verbose parsed url   hostname: null,
16 verbose parsed url   hash: null,
16 verbose parsed url   search: null,
16 verbose parsed url   query: null,
16 verbose parsed url   pathname: 'generator-ionicjs@0.0.9',
16 verbose parsed url   path: 'generator-ionicjs@0.0.9',
16 verbose parsed url   href: 'generator-ionicjs@0.0.9' }
17 verbose cache add name="generator-ionicjs" spec="0.0.9" args=["generator-ionicjs","0.0.9"]
18 verbose parsed url { protocol: null,
18 verbose parsed url   slashes: null,
18 verbose parsed url   auth: null,
18 verbose parsed url   host: null,
18 verbose parsed url   port: null,
18 verbose parsed url   hostname: null,
18 verbose parsed url   hash: null,
18 verbose parsed url   search: null,
18 verbose parsed url   query: null,
18 verbose parsed url   pathname: '0.0.9',
18 verbose parsed url   path: '0.0.9',
18 verbose parsed url   href: '0.0.9' }
19 verbose addNamed [ 'generator-ionicjs', '0.0.9' ]
20 verbose addNamed [ '0.0.9', '0.0.9' ]
21 silly lockFile 9aae0310-generator-ionicjs-0-0-9 generator-ionicjs@0.0.9
22 verbose lock generator-ionicjs@0.0.9 /Users/gcollins/.npm/9aae0310-generator-ionicjs-0-0-9.lock
23 verbose url raw generator-ionicjs/0.0.9
24 verbose url resolving [ 'https://registry.npmjs.org/', './generator-ionicjs/0.0.9' ]
25 verbose url resolved https://registry.npmjs.org/generator-ionicjs/0.0.9
26 info trying registry request attempt 1 at 10:39:30
27 http GET https://registry.npmjs.org/generator-ionicjs/0.0.9
28 http 200 https://registry.npmjs.org/generator-ionicjs/0.0.9
29 silly registry.get cb [ 200,
29 silly registry.get   { date: 'Mon, 17 Mar 2014 14:39:30 GMT',
29 silly registry.get     server: 'CouchDB/1.5.0 (Erlang OTP/R14B04)',
29 silly registry.get     etag: '"5JYNHH8SP8X1ZM7J7KZ5KKCZ2"',
29 silly registry.get     'content-type': 'application/json',
29 silly registry.get     'cache-control': 'max-age=1',
29 silly registry.get     'content-length': '1353',
29 silly registry.get     'accept-ranges': 'bytes',
29 silly registry.get     via: '1.1 varnish',
29 silly registry.get     age: '0',
29 silly registry.get     'x-served-by': 'cache-v41-ASH',
29 silly registry.get     'x-cache': 'MISS',
29 silly registry.get     'x-cache-hits': '0',
29 silly registry.get     'x-timer': 'S1395067170.528296471,VS0,VE101',
29 silly registry.get     vary: 'Accept',
29 silly registry.get     'keep-alive': 'timeout=10, max=50',
29 silly registry.get     connection: 'Keep-Alive' } ]
30 silly lockFile 432ee2b7-icjs-generator-ionicjs-0-0-9-tgz https://registry.npmjs.org/generator-ionicjs/-/generator-ionicjs-0.0.9.tgz
31 verbose lock https://registry.npmjs.org/generator-ionicjs/-/generator-ionicjs-0.0.9.tgz /Users/gcollins/.npm/432ee2b7-icjs-generator-ionicjs-0-0-9-tgz.lock
32 verbose addRemoteTarball [ 'https://registry.npmjs.org/generator-ionicjs/-/generator-ionicjs-0.0.9.tgz',
32 verbose addRemoteTarball   'f60f8fb677cd0ef4e739831099998ea81094cc19' ]
33 info retry fetch attempt 1 at 10:39:31
34 verbose fetch to= /var/folders/wh/k_f579d162v9v0gq6fscdmxw0000gp/T/npm-95015-Ny0xVY3s/1395067171096-0.5185590668115765/tmp.tgz
35 http GET https://registry.npmjs.org/generator-ionicjs/-/generator-ionicjs-0.0.9.tgz
36 http 200 https://registry.npmjs.org/generator-ionicjs/-/generator-ionicjs-0.0.9.tgz
37 verbose tar unpack /var/folders/wh/k_f579d162v9v0gq6fscdmxw0000gp/T/npm-95015-Ny0xVY3s/1395067171096-0.5185590668115765/tmp.tgz
38 silly lockFile 882d14d3-71096-0-5185590668115765-package tar:///var/folders/wh/k_f579d162v9v0gq6fscdmxw0000gp/T/npm-95015-Ny0xVY3s/1395067171096-0.5185590668115765/package
39 verbose lock tar:///var/folders/wh/k_f579d162v9v0gq6fscdmxw0000gp/T/npm-95015-Ny0xVY3s/1395067171096-0.5185590668115765/package /Users/gcollins/.npm/882d14d3-71096-0-5185590668115765-package.lock
40 silly lockFile dc1c672b-71096-0-5185590668115765-tmp-tgz tar:///var/folders/wh/k_f579d162v9v0gq6fscdmxw0000gp/T/npm-95015-Ny0xVY3s/1395067171096-0.5185590668115765/tmp.tgz
41 verbose lock tar:///var/folders/wh/k_f579d162v9v0gq6fscdmxw0000gp/T/npm-95015-Ny0xVY3s/1395067171096-0.5185590668115765/tmp.tgz /Users/gcollins/.npm/dc1c672b-71096-0-5185590668115765-tmp-tgz.lock
42 silly gunzTarPerm modes [ '755', '644' ]
43 silly gunzTarPerm extractEntry package.json
44 silly gunzTarPerm extractEntry .npmignore
45 silly gunzTarPerm extractEntry README.md
46 silly gunzTarPerm extractEntry LICENSE
47 silly gunzTarPerm extractEntry Gruntfile.js
48 silly gunzTarPerm extractEntry .jshintrc
49 silly gunzTarPerm extractEntry .gitattributes
50 silly gunzTarPerm extractEntry .editorconfig
51 silly gunzTarPerm extractEntry app/index.js
52 silly gunzTarPerm extractEntry lib/common.js
53 silly gunzTarPerm extractEntry .travis.yml
54 silly gunzTarPerm extractEntry templates/common/Gruntfile.js
55 silly gunzTarPerm extractEntry templates/common/_bower.json
56 silly gunzTarPerm extractEntry templates/common/_bowerrc
57 silly gunzTarPerm extractEntry templates/common/_gitignore
58 silly gunzTarPerm extractEntry templates/common/_package.json
59 silly gunzTarPerm extractEntry templates/common/root/karma.conf.js
60 silly gunzTarPerm extractEntry templates/common/root/.editorconfig
61 silly gunzTarPerm extractEntry templates/common/root/.jshintrc
62 silly gunzTarPerm extractEntry templates/common/root/app/images/ionic.png
63 silly gunzTarPerm extractEntry templates/common/root/app/res/icon/android/icon-36-ldpi.png
64 silly gunzTarPerm extractEntry templates/common/root/app/res/icon/android/icon-48-mdpi.png
65 silly gunzTarPerm extractEntry templates/common/root/app/res/icon/android/icon-72-hdpi.png
66 silly gunzTarPerm extractEntry templates/common/root/app/res/icon/android/icon-96-xhdpi.png
67 silly gunzTarPerm extractEntry templates/common/root/app/res/icon/bada/icon-128.png
68 silly gunzTarPerm extractEntry templates/common/root/app/res/icon/bada-wac/icon-48-type5.png
69 silly gunzTarPerm extractEntry templates/common/root/app/res/icon/bada-wac/icon-50-type3.png
70 silly gunzTarPerm extractEntry templates/common/root/app/res/icon/bada-wac/icon-80-type4.png
71 silly gunzTarPerm extractEntry templates/common/root/app/res/icon/blackberry/icon-80.png
72 silly gunzTarPerm extractEntry templates/common/root/app/res/icon/ios/icon-57-2x.png
73 silly gunzTarPerm extractEntry templates/common/root/app/res/icon/ios/icon-57.png
74 silly gunzTarPerm extractEntry templates/common/root/app/res/icon/ios/icon-72-2x.png
75 silly gunzTarPerm extractEntry templates/common/root/app/res/icon/ios/icon-72.png
76 silly gunzTarPerm extractEntry templates/common/root/app/res/icon/tizen/icon-128.png
77 silly gunzTarPerm extractEntry templates/common/root/app/res/icon/webos/icon-64.png
78 silly gunzTarPerm extractEntry templates/common/root/app/res/icon/windows-phone/icon-173-tile.png
79 silly gunzTarPerm extractEntry templates/common/root/app/res/icon/windows-phone/icon-48.png
80 silly gunzTarPerm extractEntry templates/common/root/app/res/icon/windows-phone/icon-62-tile.png
81 silly gunzTarPerm extractEntry templates/common/root/app/res/screen/android/screen-hdpi-landscape.png
82 silly gunzTarPerm extractEntry templates/common/root/app/res/screen/android/screen-hdpi-portrait.png
83 silly gunzTarPerm extractEntry templates/common/root/app/res/screen/android/screen-ldpi-landscape.png
84 silly gunzTarPerm extractEntry templates/common/root/app/res/screen/android/screen-ldpi-portrait.png
85 silly gunzTarPerm extractEntry templates/common/root/app/res/screen/android/screen-mdpi-landscape.png
86 silly gunzTarPerm extractEntry templates/common/root/app/res/screen/android/screen-mdpi-portrait.png
87 silly gunzTarPerm extractEntry templates/common/root/app/res/screen/android/screen-xhdpi-landscape.png
88 silly gunzTarPerm extractEntry templates/common/root/app/res/screen/android/screen-xhdpi-portrait.png
89 silly gunzTarPerm extractEntry templates/common/root/app/res/screen/bada/screen-portrait.png
90 silly gunzTarPerm extractEntry templates/common/root/app/res/screen/bada-wac/screen-type3.png
91 silly gunzTarPerm extractEntry templates/common/root/app/res/screen/bada-wac/screen-type4.png
92 silly gunzTarPerm extractEntry templates/common/root/app/res/screen/bada-wac/screen-type5.png
93 silly gunzTarPerm extractEntry templates/common/root/app/res/screen/blackberry/screen-225.png
94 silly gunzTarPerm extractEntry templates/common/root/app/res/screen/ios/screen-ipad-landscape-2x.png
95 silly gunzTarPerm extractEntry templates/common/root/app/res/screen/ios/screen-ipad-landscape.png
96 silly gunzTarPerm extractEntry templates/common/root/app/res/screen/ios/screen-ipad-portrait-2x.png
97 silly gunzTarPerm extractEntry templates/common/root/app/res/screen/ios/screen-ipad-portrait.png
98 silly gunzTarPerm extractEntry templates/common/root/app/res/screen/ios/screen-iphone-landscape-2x.png
99 silly gunzTarPerm extractEntry templates/common/root/app/res/screen/ios/screen-iphone-landscape.png
100 silly gunzTarPerm extractEntry templates/common/root/app/res/screen/ios/screen-iphone-portrait-2x.png
101 silly gunzTarPerm extractEntry templates/common/root/app/res/screen/ios/screen-iphone-portrait-568h-2x.png
102 silly gunzTarPerm extractEntry templates/common/root/app/res/screen/ios/screen-iphone-portrait.png
103 silly gunzTarPerm extractEntry templates/common/root/app/res/screen/tizen/README.md
104 silly gunzTarPerm extractEntry templates/common/root/app/res/screen/webos/screen-64.png
105 silly gunzTarPerm extractEntry templates/common/root/app/res/screen/windows-phone/screen-portrait.jpg
106 silly gunzTarPerm extractEntry templates/common/root/app/templates/about.html
107 silly gunzTarPerm extractEntry templates/common/root/app/templates/adopt.html
108 silly gunzTarPerm extractEntry templates/common/root/app/templates/pet-detail.html
109 silly gunzTarPerm extractEntry templates/common/root/app/templates/pet-index.html
110 silly gunzTarPerm extractEntry templates/common/root/app/templates/tabs.html
111 silly gunzTarPerm extractEntry templates/common/root/app/vendor/README.md
112 silly gunzTarPerm extractEntry templates/common/root/test/.jshintrc
113 silly gunzTarPerm extractEntry templates/javascript/app.js
114 silly gunzTarPerm extractEntry templates/javascript/controllers.js
115 silly gunzTarPerm extractEntry templates/javascript/services.js
116 silly gunzTarPerm extractEntry templates/javascript/spec/controllers.js
117 silly gunzTarPerm extractEntry templates/styles/main.css
118 silly gunzTarPerm extractEntry templates/styles/main.sass
119 silly gunzTarPerm extractEntry templates/views/index.html
120 silly gunzTarPerm extractEntry test/test-creation.js
121 silly gunzTarPerm extractEntry test/test-load.js
122 silly lockFile 882d14d3-71096-0-5185590668115765-package tar:///var/folders/wh/k_f579d162v9v0gq6fscdmxw0000gp/T/npm-95015-Ny0xVY3s/1395067171096-0.5185590668115765/package
123 silly lockFile 882d14d3-71096-0-5185590668115765-package tar:///var/folders/wh/k_f579d162v9v0gq6fscdmxw0000gp/T/npm-95015-Ny0xVY3s/1395067171096-0.5185590668115765/package
124 silly lockFile dc1c672b-71096-0-5185590668115765-tmp-tgz tar:///var/folders/wh/k_f579d162v9v0gq6fscdmxw0000gp/T/npm-95015-Ny0xVY3s/1395067171096-0.5185590668115765/tmp.tgz
125 silly lockFile dc1c672b-71096-0-5185590668115765-tmp-tgz tar:///var/folders/wh/k_f579d162v9v0gq6fscdmxw0000gp/T/npm-95015-Ny0xVY3s/1395067171096-0.5185590668115765/tmp.tgz
126 verbose tar pack [ '/Users/gcollins/.npm/generator-ionicjs/0.0.9/package.tgz',
126 verbose tar pack   '/var/folders/wh/k_f579d162v9v0gq6fscdmxw0000gp/T/npm-95015-Ny0xVY3s/1395067171096-0.5185590668115765/package' ]
127 verbose tarball /Users/gcollins/.npm/generator-ionicjs/0.0.9/package.tgz
128 verbose folder /var/folders/wh/k_f579d162v9v0gq6fscdmxw0000gp/T/npm-95015-Ny0xVY3s/1395067171096-0.5185590668115765/package
129 silly lockFile 882d14d3-71096-0-5185590668115765-package tar:///var/folders/wh/k_f579d162v9v0gq6fscdmxw0000gp/T/npm-95015-Ny0xVY3s/1395067171096-0.5185590668115765/package
130 verbose lock tar:///var/folders/wh/k_f579d162v9v0gq6fscdmxw0000gp/T/npm-95015-Ny0xVY3s/1395067171096-0.5185590668115765/package /Users/gcollins/.npm/882d14d3-71096-0-5185590668115765-package.lock
131 silly lockFile 81739247-erator-ionicjs-0-0-9-package-tgz tar:///Users/gcollins/.npm/generator-ionicjs/0.0.9/package.tgz
132 verbose lock tar:///Users/gcollins/.npm/generator-ionicjs/0.0.9/package.tgz /Users/gcollins/.npm/81739247-erator-ionicjs-0-0-9-package-tgz.lock
133 silly lockFile 882d14d3-71096-0-5185590668115765-package tar:///var/folders/wh/k_f579d162v9v0gq6fscdmxw0000gp/T/npm-95015-Ny0xVY3s/1395067171096-0.5185590668115765/package
134 silly lockFile 882d14d3-71096-0-5185590668115765-package tar:///var/folders/wh/k_f579d162v9v0gq6fscdmxw0000gp/T/npm-95015-Ny0xVY3s/1395067171096-0.5185590668115765/package
135 silly lockFile 81739247-erator-ionicjs-0-0-9-package-tgz tar:///Users/gcollins/.npm/generator-ionicjs/0.0.9/package.tgz
136 silly lockFile 81739247-erator-ionicjs-0-0-9-package-tgz tar:///Users/gcollins/.npm/generator-ionicjs/0.0.9/package.tgz
137 silly lockFile 56a64a6b--generator-ionicjs-0-0-9-package /Users/gcollins/.npm/generator-ionicjs/0.0.9/package
138 verbose lock /Users/gcollins/.npm/generator-ionicjs/0.0.9/package /Users/gcollins/.npm/56a64a6b--generator-ionicjs-0-0-9-package.lock
139 silly lockFile 56a64a6b--generator-ionicjs-0-0-9-package /Users/gcollins/.npm/generator-ionicjs/0.0.9/package
140 silly lockFile 56a64a6b--generator-ionicjs-0-0-9-package /Users/gcollins/.npm/generator-ionicjs/0.0.9/package
141 verbose tar unpack /Users/gcollins/.npm/generator-ionicjs/0.0.9/package.tgz
142 silly lockFile 5c9a3406--generator-ionicjs-0-0-9-package tar:///Users/gcollins/.npm/generator-ionicjs/0.0.9/package
143 verbose lock tar:///Users/gcollins/.npm/generator-ionicjs/0.0.9/package /Users/gcollins/.npm/5c9a3406--generator-ionicjs-0-0-9-package.lock
144 silly lockFile 81739247-erator-ionicjs-0-0-9-package-tgz tar:///Users/gcollins/.npm/generator-ionicjs/0.0.9/package.tgz
145 verbose lock tar:///Users/gcollins/.npm/generator-ionicjs/0.0.9/package.tgz /Users/gcollins/.npm/81739247-erator-ionicjs-0-0-9-package-tgz.lock
146 silly gunzTarPerm modes [ '755', '644' ]
147 silly gunzTarPerm extractEntry package.json
148 silly gunzTarPerm extractEntry .npmignore
149 silly gunzTarPerm extractEntry README.md
150 silly gunzTarPerm extractEntry LICENSE
151 silly gunzTarPerm extractEntry Gruntfile.js
152 silly gunzTarPerm extractEntry .jshintrc
153 silly gunzTarPerm extractEntry .gitattributes
154 silly gunzTarPerm extractEntry .editorconfig
155 silly gunzTarPerm extractEntry app/index.js
156 silly gunzTarPerm extractEntry lib/common.js
157 silly gunzTarPerm extractEntry .travis.yml
158 silly gunzTarPerm extractEntry templates/common/Gruntfile.js
159 silly gunzTarPerm extractEntry templates/common/_bower.json
160 silly gunzTarPerm extractEntry templates/common/_bowerrc
161 silly gunzTarPerm extractEntry templates/common/_gitignore
162 silly gunzTarPerm extractEntry templates/common/_package.json
163 silly gunzTarPerm extractEntry templates/common/root/karma.conf.js
164 silly gunzTarPerm extractEntry templates/common/root/.editorconfig
165 silly gunzTarPerm extractEntry templates/common/root/.jshintrc
166 silly gunzTarPerm extractEntry templates/common/root/app/images/ionic.png
167 silly gunzTarPerm extractEntry templates/common/root/app/res/icon/android/icon-36-ldpi.png
168 silly gunzTarPerm extractEntry templates/common/root/app/res/icon/android/icon-48-mdpi.png
169 silly gunzTarPerm extractEntry templates/common/root/app/res/icon/android/icon-72-hdpi.png
170 silly gunzTarPerm extractEntry templates/common/root/app/res/icon/android/icon-96-xhdpi.png
171 silly gunzTarPerm extractEntry templates/common/root/app/res/icon/bada/icon-128.png
172 silly gunzTarPerm extractEntry templates/common/root/app/res/icon/bada-wac/icon-48-type5.png
173 silly gunzTarPerm extractEntry templates/common/root/app/res/icon/bada-wac/icon-50-type3.png
174 silly gunzTarPerm extractEntry templates/common/root/app/res/icon/bada-wac/icon-80-type4.png
175 silly gunzTarPerm extractEntry templates/common/root/app/res/icon/blackberry/icon-80.png
176 silly gunzTarPerm extractEntry templates/common/root/app/res/icon/ios/icon-57-2x.png
177 silly gunzTarPerm extractEntry templates/common/root/app/res/icon/ios/icon-57.png
178 silly gunzTarPerm extractEntry templates/common/root/app/res/icon/ios/icon-72-2x.png
179 silly gunzTarPerm extractEntry templates/common/root/app/res/icon/ios/icon-72.png
180 silly gunzTarPerm extractEntry templates/common/root/app/res/icon/tizen/icon-128.png
181 silly gunzTarPerm extractEntry templates/common/root/app/res/icon/webos/icon-64.png
182 silly gunzTarPerm extractEntry templates/common/root/app/res/icon/windows-phone/icon-173-tile.png
183 silly gunzTarPerm extractEntry templates/common/root/app/res/icon/windows-phone/icon-48.png
184 silly gunzTarPerm extractEntry templates/common/root/app/res/icon/windows-phone/icon-62-tile.png
185 silly gunzTarPerm extractEntry templates/common/root/app/res/screen/android/screen-hdpi-landscape.png
186 silly gunzTarPerm extractEntry templates/common/root/app/res/screen/android/screen-hdpi-portrait.png
187 silly gunzTarPerm extractEntry templates/common/root/app/res/screen/android/screen-ldpi-landscape.png
188 silly gunzTarPerm extractEntry templates/common/root/app/res/screen/android/screen-ldpi-portrait.png
189 silly gunzTarPerm extractEntry templates/common/root/app/res/screen/android/screen-mdpi-landscape.png
190 silly gunzTarPerm extractEntry templates/common/root/app/res/screen/android/screen-mdpi-portrait.png
191 silly gunzTarPerm extractEntry templates/common/root/app/res/screen/android/screen-xhdpi-landscape.png
192 silly gunzTarPerm extractEntry templates/common/root/app/res/screen/android/screen-xhdpi-portrait.png
193 silly gunzTarPerm extractEntry templates/common/root/app/res/screen/bada/screen-portrait.png
194 silly gunzTarPerm extractEntry templates/common/root/app/res/screen/bada-wac/screen-type3.png
195 silly gunzTarPerm extractEntry templates/common/root/app/res/screen/bada-wac/screen-type4.png
196 silly gunzTarPerm extractEntry templates/common/root/app/res/screen/bada-wac/screen-type5.png
197 silly gunzTarPerm extractEntry templates/common/root/app/res/screen/blackberry/screen-225.png
198 silly gunzTarPerm extractEntry templates/common/root/app/res/screen/ios/screen-ipad-landscape-2x.png
199 silly gunzTarPerm extractEntry templates/common/root/app/res/screen/ios/screen-ipad-landscape.png
200 silly gunzTarPerm extractEntry templates/common/root/app/res/screen/ios/screen-ipad-portrait-2x.png
201 silly gunzTarPerm extractEntry templates/common/root/app/res/screen/ios/screen-ipad-portrait.png
202 silly gunzTarPerm extractEntry templates/common/root/app/res/screen/ios/screen-iphone-landscape-2x.png
203 silly gunzTarPerm extractEntry templates/common/root/app/res/screen/ios/screen-iphone-landscape.png
204 silly gunzTarPerm extractEntry templates/common/root/app/res/screen/ios/screen-iphone-portrait-2x.png
205 silly gunzTarPerm extractEntry templates/common/root/app/res/screen/ios/screen-iphone-portrait-568h-2x.png
206 silly gunzTarPerm extractEntry templates/common/root/app/res/screen/ios/screen-iphone-portrait.png
207 silly gunzTarPerm extractEntry templates/common/root/app/res/screen/tizen/README.md
208 silly gunzTarPerm extractEntry templates/common/root/app/res/screen/webos/screen-64.png
209 silly gunzTarPerm extractEntry templates/common/root/app/res/screen/windows-phone/screen-portrait.jpg
210 silly gunzTarPerm extractEntry templates/common/root/app/templates/about.html
211 silly gunzTarPerm extractEntry templates/common/root/app/templates/adopt.html
212 silly gunzTarPerm extractEntry templates/common/root/app/templates/pet-detail.html
213 silly gunzTarPerm extractEntry templates/common/root/app/templates/pet-index.html
214 silly gunzTarPerm extractEntry templates/common/root/app/templates/tabs.html
215 silly gunzTarPerm extractEntry templates/common/root/app/vendor/README.md
216 silly gunzTarPerm extractEntry templates/common/root/test/.jshintrc
217 silly gunzTarPerm extractEntry templates/javascript/app.js
218 silly gunzTarPerm extractEntry templates/javascript/controllers.js
219 silly gunzTarPerm extractEntry templates/javascript/services.js
220 silly gunzTarPerm extractEntry templates/javascript/spec/controllers.js
221 silly gunzTarPerm extractEntry templates/styles/main.css
222 silly gunzTarPerm extractEntry templates/styles/main.sass
223 silly gunzTarPerm extractEntry templates/views/index.html
224 silly gunzTarPerm extractEntry test/test-creation.js
225 silly gunzTarPerm extractEntry test/test-load.js
226 silly lockFile 5c9a3406--generator-ionicjs-0-0-9-package tar:///Users/gcollins/.npm/generator-ionicjs/0.0.9/package
227 silly lockFile 5c9a3406--generator-ionicjs-0-0-9-package tar:///Users/gcollins/.npm/generator-ionicjs/0.0.9/package
228 silly lockFile 81739247-erator-ionicjs-0-0-9-package-tgz tar:///Users/gcollins/.npm/generator-ionicjs/0.0.9/package.tgz
229 silly lockFile 81739247-erator-ionicjs-0-0-9-package-tgz tar:///Users/gcollins/.npm/generator-ionicjs/0.0.9/package.tgz
230 verbose chmod /Users/gcollins/.npm/generator-ionicjs/0.0.9/package.tgz 644
231 verbose chown /Users/gcollins/.npm/generator-ionicjs/0.0.9/package.tgz [ 502, 20 ]
232 silly lockFile 432ee2b7-icjs-generator-ionicjs-0-0-9-tgz https://registry.npmjs.org/generator-ionicjs/-/generator-ionicjs-0.0.9.tgz
233 silly lockFile 432ee2b7-icjs-generator-ionicjs-0-0-9-tgz https://registry.npmjs.org/generator-ionicjs/-/generator-ionicjs-0.0.9.tgz
234 silly lockFile 9aae0310-generator-ionicjs-0-0-9 generator-ionicjs@0.0.9
235 silly lockFile 9aae0310-generator-ionicjs-0-0-9 generator-ionicjs@0.0.9
236 silly resolved [ { name: 'generator-ionicjs',
236 silly resolved     version: '0.0.9',
236 silly resolved     description: 'A generator for the Ionic Framework',
236 silly resolved     keywords:
236 silly resolved      [ 'yeoman-generator',
236 silly resolved        'ionic',
236 silly resolved        'framework',
236 silly resolved        'ionicframework',
236 silly resolved        'angularjs',
236 silly resolved        'hybrid',
236 silly resolved        'mobile',
236 silly resolved        'app' ],
236 silly resolved     homepage: 'https://github.com/diegonetto/generator-ionic',
236 silly resolved     bugs: { url: 'https://github.com/diegonetto/generator-ionic/issues' },
236 silly resolved     author:
236 silly resolved      { name: 'Diego Netto',
236 silly resolved        email: 'diegormnetto@gmail.com',
236 silly resolved        url: 'https://github.com/diegonetto' },
236 silly resolved     main: 'app/index.js',
236 silly resolved     repository:
236 silly resolved      { type: 'git',
236 silly resolved        url: 'git://github.com/diegonetto/generator-ionic.git' },
236 silly resolved     scripts: { test: 'mocha' },
236 silly resolved     dependencies:
236 silly resolved      { 'yeoman-generator': '~0.14.0',
236 silly resolved        xml2js: '~0.4.1',
236 silly resolved        mout: '~0.9.0',
236 silly resolved        chalk: '~0.4.0',
236 silly resolved        cordova: '~3.4.0-0.1.2' },
236 silly resolved     devDependencies:
236 silly resolved      { grunt: '~0.4.2',
236 silly resolved        'load-grunt-tasks': '~0.4.0',
236 silly resolved        marked: '~0.3.1',
236 silly resolved        mocha: '~1.14.0',
236 silly resolved        semver: '~2.2.1',
236 silly resolved        'grunt-conventional-changelog': '~1.1.0',
236 silly resolved        'grunt-release': '~0.7.0' },
236 silly resolved     peerDependencies: { yo: '>=1.0.0' },
236 silly resolved     engines: { node: '>=0.8.0', npm: '>=1.2.10' },
236 silly resolved     licenses: [ [Object] ],
236 silly resolved     readme: '![](http://i.imgur.com/BGrt2QK.png)\n\n## Ionic Framework generator [![Build Status](https://api.travis-ci.org/diegonetto/generator-ionic.png?branch=master)](https://travis-ci.org/diegonetto/generator-ionic) [![Built with Grunt](https://cdn.gruntjs.com/builtwith.png)](http://gruntjs.com/)\n\n> Yeoman generator for Ionic - lets you quickly set up a hybrid mobile app project\n\n**This is currently under active development.**\n\n## Usage\nInstall `generator-ionicjs`\n```\nnpm install -g generator-ionicjs\n```\n\nMake a new directory, and `cd` into it\n```\nmkdir my-ionic-project && cd $_\n```\n\nRun `yo ionicjs`\n```\nyo ionicjs\n```\n\nSpin up a `connect` server with `watch` and `livereload` for developing in your browser\n```\ngrunt serve\n```\n## Workflow\nThe included Grunt build system provides sensible defaults to help optimize and automate several aspects of your workflow when developing hybrid-mobile apps using the Ionic Framework.\n\n### Local browser development\nRunning `grunt serve` enhances your workflow by allowing you to rapidly build Ionic apps without having to constantly re-run your platform simulator. Since we spin up a `connect` server with `watch` and `livereload` tasks, you can freely edit your CSS (or SCSS/SASS files if you chose to use Compass), HTML, and JavaScript files and changes will be quickly reflected in your browser.\n\n### Building assets for Cordova\nOnce you\'re ready to test your application in a simulator, `grunt build` will concatenate, obfuscate, and minify your JavaScript, HTML, and CSS files and copy over the resulting assets into your app\'s `www/` directory so they are ready to be served by Cordova.\n\n### Cordova commands\nTo make our lives a bit simpler, the `cordova` library has been packaged as a part of this generator and delegated via Grunt tasks. To invoke Cordova, simply run the command you would normally have, but replace `cordova` with `grunt` and `spaces` with `:` (the way Grunt chains task arguments).\n\nFor example, lets say you want to add iOS as a platform target for your Ionic app\n```\ngrunt platform:add:ios\n```\nor emulate a platform target\n```\ngrunt emulate:ios\n```\n\n## Initial Walkthrough\nTo help you hit the ground running, let\'s walk through an example workflow together. We\'re assuming you\'ve followed the [usage](https://github.com/diegonetto/generator-ionic#usage) directions and are inside your app\'s directory.\n\nWe\'ll start by running our app in a browser so we can make a few changes.\n```\ngrunt serve\n```\nPlay around with livereload by changing some of the styles in `app/styles/main.css` or HTML in one of the files in `app/templates/`. When you\'re ready, lets go ahead and build the assets for Cordova to consume and also spot check that we didn\'t bork any code during the build process. We can do that with another handy Grunt task that runs the build process and then launches a `connect` server for use to preview the app with our built assets.\n```\ngrunt serve:dist\n```\nIf everything looks good the next step is to add a platform target and then emulate our app. In order for us to launch the iOS simulator from the command line, we\'ll have to install the `ios-sim` package. (If you forget to do this, Cordova will kindly remind you).\n```\nnpm install -g ios-sim\ngrunt platform:add:ios\ngrunt emulate:ios\n```\nYou may have realized that when the Grunt build process is run, it triggers the Cordova build system as well, so you end up with a beautifully packaged mobile app in a single command.\n\n## Testing Your App\nTo lesson the pain of testing your application, this generator configures your project with a handful of libraries that will hopefully make testing your application, dare I say, more enjoyable.\n\n![Comic](http://dilbert.com/dyn/str_strip/000000000/00000000/0000000/100000/10000/6000/600/116640/116640.strip.gif)\n\n### Unit Tests\nThe foundation of our testing solution is built using [Karma](http://karma-runner.github.io/) which was created by the AngularJS team and is all around awesome. Inside of your generated `karma.conf.js` file you will find some basic configuration settings. Notice that we\'re using [Mocha](http://visionmedia.github.io/mocha/) to structure our tests and pulling in [Chai](http://chaijs.com/), a slick assertion library. You can easily drop Chai and replace Mocha with [Jasmine](http://jasmine.github.io/) depending on your preference.\n\nYour generated `Gruntfile.js` also contains a `karma` task that provides further configuration. Any properties specified via this task will override the values inside `karma.conf.js` when run via `grunt`. If you look closely at this task, you\'ll notice that we\'re using [PhantomJS](http://phantomjs.org/) for both Karma targets, but you can easily update the `karma:unit` target to run tests inside of real browsers.\n\nOk, now that you have some context (and links to read up on the bundled testing libraries), go ahead and run `grunt test` and open up one of the included unit tests - `test/spec/controllers.js`. In your editor of choice, change this line - `scope.pets.should.have.length(4);` to any number other than four and watch what happens. Since your test files are being watched for changes, Grunt knows to go ahead and re-run your test suite, which in this cause should have errored out with a failure message being displayed in your terminal.\n\nUndo your modification and ensure that all tests are passing before continuing on.\n\n### End2End Tests\nComing soon!\n\n### Code Coverage\nSo you\'ve finished writing your tests, why not show the world (or just your team) how watertight your application has become? Using [Istanbul](http://gotwarlost.github.io/istanbul/) - which was built at Yahoo - we can generate pretty code coverage reports that do just that!\n\nOur beloved generator has done all the hard work for you, so go ahead and see these coverage reports in action by running `grunt coverage`.\n\nIf this is your first time using Istanbul, take a look around. It will help you spot gaps in your unit tests and lets face it, the more visual gratification we can get during our testing stage, the greater the likelihood of us sittng down and writing these tests to begin with!\n\n## Wrapping it up\nIf you made it this far then congratulations! You\'re now up and running with the gorgeous Ionic Framework powered by an intelligent workflow and sophisticated build system - all facilitated by the addition of just a few commands!\n\n## Special Thanks To\n* The pioneers behind [Yeoman](http://yeoman.io/) for building an intelligent workflow managemnt solution.\n* The [AngularJS Generator](https://github.com/yeoman/generator-angular) and [Ionic Seed Project](https://github.com/driftyco/ionic-angular-cordova-seed) projects for inspiration.\n* The visionaries at [Drifty](http://drifty.com) for creating the [Ionic Framework](http://ionicframework.com/).\n\n## TODO\n1. ~~building / Emulating doc section~~\n2. Better starting app using SideBar and a few other components\n3. ~~Workflow doc section~~\n4. ~~SCSS prompt options~~\n5. ~~Decide if we should use imagemin + svgmin~~\n6. ~~Add testing support using Karma and integrate with Grunt~~\n7. Consider pulling in generator-angular as a subgenerator\n8. Add Mocha generator unit tests\n9. Contributing doc section\n\n## License\n\n[MIT License](http://en.wikipedia.org/wiki/MIT_License)\n',
236 silly resolved     readmeFilename: 'README.md',
236 silly resolved     _id: 'generator-ionicjs@0.0.9',
236 silly resolved     dist: { shasum: '14bc85ce74d072116e7460c6d1691f7e308ae03d' },
236 silly resolved     _from: 'generator-ionicjs@0.0.9',
236 silly resolved     _resolved: 'https://registry.npmjs.org/generator-ionicjs/-/generator-ionicjs-0.0.9.tgz' } ]
237 info install generator-ionicjs@0.0.9 into /Users/gcollins/.nvm/v0.10.26/lib
238 info installOne generator-ionicjs@0.0.9
239 info /Users/gcollins/.nvm/v0.10.26/lib/node_modules/generator-ionicjs unbuild
240 info preuninstall generator-ionicjs@0.0.8
241 info uninstall generator-ionicjs@0.0.8
242 verbose true,/Users/gcollins/.nvm/v0.10.26/lib/node_modules,/Users/gcollins/.nvm/v0.10.26/lib/node_modules unbuild generator-ionicjs@0.0.8
243 info postuninstall generator-ionicjs@0.0.8
244 info /Users/gcollins/.nvm/v0.10.26/lib/node_modules/generator-ionicjs unbuild
245 info preuninstall generator-ionicjs@0.0.8
246 info uninstall generator-ionicjs@0.0.8
247 verbose true,/Users/gcollins/.nvm/v0.10.26/lib/node_modules,/Users/gcollins/.nvm/v0.10.26/lib/node_modules unbuild generator-ionicjs@0.0.8
248 info postuninstall generator-ionicjs@0.0.8
249 error error rolling back Error: EACCES, unlink '/Users/gcollins/.nvm/v0.10.26/lib/node_modules/generator-ionicjs/.editorconfig'
249 error error rolling back  generator-ionicjs@0.0.9 { [Error: EACCES, unlink '/Users/gcollins/.nvm/v0.10.26/lib/node_modules/generator-ionicjs/.editorconfig']
249 error error rolling back   errno: 3,
249 error error rolling back   code: 'EACCES',
249 error error rolling back   path: '/Users/gcollins/.nvm/v0.10.26/lib/node_modules/generator-ionicjs/.editorconfig' }
250 error Error: EACCES, unlink '/Users/gcollins/.nvm/v0.10.26/lib/node_modules/generator-ionicjs/.gitattributes'
250 error  { [Error: EACCES, unlink '/Users/gcollins/.nvm/v0.10.26/lib/node_modules/generator-ionicjs/.gitattributes']
250 error   errno: 3,
250 error   code: 'EACCES',
250 error   path: '/Users/gcollins/.nvm/v0.10.26/lib/node_modules/generator-ionicjs/.gitattributes' }
251 error Please try running this command again as root/Administrator.
252 error System Darwin 13.1.0
253 error command "/Users/gcollins/.nvm/v0.10.26/bin/node" "/Users/gcollins/.nvm/v0.10.26/bin/npm" "update" "-g" "generator-ionicjs"
254 error cwd /Users/gcollins/Desktop/ProductDemo
255 error node -v v0.10.26
256 error npm -v 1.4.3
257 error path /Users/gcollins/.nvm/v0.10.26/lib/node_modules/generator-ionicjs/.gitattributes
258 error code EACCES
259 error errno 3
260 error stack Error: EACCES, unlink '/Users/gcollins/.nvm/v0.10.26/lib/node_modules/generator-ionicjs/.gitattributes'
261 verbose exit [ 3, true ]
